<?xml version="1.0" encoding="UTF-8"?>
<testng-results skipped="0" failed="1" total="2" passed="1">
  <reporter-output>
  </reporter-output>
  <suite name="Default suite" duration-ms="22231" started-at="2013-07-30T02:23:29Z" finished-at="2013-07-30T02:23:51Z">
    <groups>
      <group name="g">
        <method signature="LoginTest.Login(java.lang.String)[pri:0, instance:com.ecalix.tests.LoginTest@7ff81b9e]" name="Login" class="com.ecalix.tests.LoginTest"/>
        <method signature="LoginTest.Logout(java.lang.String)[pri:0, instance:com.ecalix.tests.LoginTest@7ff81b9e]" name="Logout" class="com.ecalix.tests.LoginTest"/>
      </group> <!-- g -->
      <group name="g2">
        <method signature="LoginTest.Logout(java.lang.String)[pri:0, instance:com.ecalix.tests.LoginTest@7ff81b9e]" name="Logout" class="com.ecalix.tests.LoginTest"/>
      </group> <!-- g2 -->
      <group name="g1">
        <method signature="LoginTest.Login(java.lang.String)[pri:0, instance:com.ecalix.tests.LoginTest@7ff81b9e]" name="Login" class="com.ecalix.tests.LoginTest"/>
      </group> <!-- g1 -->
    </groups>
    <test name="Default test" duration-ms="22231" started-at="2013-07-30T02:23:29Z" finished-at="2013-07-30T02:23:51Z">
      <class name="com.ecalix.tests.LoginTest">
        <test-method status="PASS" signature="Open(java.lang.String)[pri:0, instance:com.ecalix.tests.LoginTest@7ff81b9e]" name="Open" is-config="true" duration-ms="2976" started-at="2013-07-29T19:23:29Z" finished-at="2013-07-29T19:23:32Z">
          <params>
            <param index="0">
              <value>
                <![CDATA[IE]]>
              </value>
            </param>
          </params>
          <reporter-output>
          </reporter-output>
        </test-method> <!-- Open -->
        <test-method status="PASS" signature="Login(java.lang.String)[pri:0, instance:com.ecalix.tests.LoginTest@7ff81b9e]" name="Login" duration-ms="9044" started-at="2013-07-29T19:23:32Z" finished-at="2013-07-29T19:23:41Z">
          <params>
            <param index="0">
              <value>
                <![CDATA[IE]]>
              </value>
            </param>
          </params>
          <reporter-output>
          </reporter-output>
        </test-method> <!-- Login -->
        <test-method status="PASS" signature="Close()[pri:0, instance:com.ecalix.tests.LoginTest@7ff81b9e]" name="Close" is-config="true" duration-ms="1" started-at="2013-07-29T19:23:41Z" finished-at="2013-07-29T19:23:41Z">
          <reporter-output>
          </reporter-output>
        </test-method> <!-- Close -->
        <test-method status="PASS" signature="Open(java.lang.String)[pri:0, instance:com.ecalix.tests.LoginTest@7ff81b9e]" name="Open" is-config="true" duration-ms="2508" started-at="2013-07-29T19:23:41Z" finished-at="2013-07-29T19:23:43Z">
          <params>
            <param index="0">
              <value>
                <![CDATA[IE]]>
              </value>
            </param>
          </params>
          <reporter-output>
          </reporter-output>
        </test-method> <!-- Open -->
        <test-method status="FAIL" signature="Logout(java.lang.String)[pri:0, instance:com.ecalix.tests.LoginTest@7ff81b9e]" name="Logout" duration-ms="6124" started-at="2013-07-29T19:23:43Z" finished-at="2013-07-29T19:23:49Z">
          <params>
            <param index="0">
              <value>
                <![CDATA[IE]]>
              </value>
            </param>
          </params>
          <exception class="java.lang.AssertionError">
            <message>
              <![CDATA[expected [true] but found [false]]]>
            </message>
            <full-stacktrace>
              <![CDATA[java.lang.AssertionError: expected [true] but found [false]
	at org.testng.Assert.fail(Assert.java:94)
	at org.testng.Assert.failNotEquals(Assert.java:494)
	at org.testng.Assert.assertTrue(Assert.java:42)
	at org.testng.Assert.assertTrue(Assert.java:52)
	at com.ecalix.tests.LoginTest.Logout(LoginTest.java:194)
	at sun.reflect.NativeMethodAccessorImpl.invoke0(Native Method)
	at sun.reflect.NativeMethodAccessorImpl.invoke(Unknown Source)
	at sun.reflect.DelegatingMethodAccessorImpl.invoke(Unknown Source)
	at java.lang.reflect.Method.invoke(Unknown Source)
	at org.testng.internal.MethodInvocationHelper.invokeMethod(MethodInvocationHelper.java:84)
	at org.testng.internal.Invoker.invokeMethod(Invoker.java:714)
	at org.testng.internal.Invoker.invokeTestMethod(Invoker.java:901)
	at org.testng.internal.Invoker.invokeTestMethods(Invoker.java:1231)
	at org.testng.internal.TestMethodWorker.invokeTestMethods(TestMethodWorker.java:127)
	at org.testng.internal.TestMethodWorker.run(TestMethodWorker.java:111)
	at org.testng.TestRunner.privateRun(TestRunner.java:767)
	at org.testng.TestRunner.run(TestRunner.java:617)
	at org.testng.SuiteRunner.runTest(SuiteRunner.java:335)
	at org.testng.SuiteRunner.runSequentially(SuiteRunner.java:330)
	at org.testng.SuiteRunner.privateRun(SuiteRunner.java:291)
	at org.testng.SuiteRunner.run(SuiteRunner.java:240)
	at org.testng.SuiteRunnerWorker.runSuite(SuiteRunnerWorker.java:52)
	at org.testng.SuiteRunnerWorker.run(SuiteRunnerWorker.java:86)
	at org.testng.TestNG.runSuitesSequentially(TestNG.java:1224)
	at org.testng.TestNG.runSuitesLocally(TestNG.java:1149)
	at org.testng.TestNG.run(TestNG.java:1057)
	at org.testng.remote.RemoteTestNG.run(RemoteTestNG.java:111)
	at org.testng.remote.RemoteTestNG.initAndRun(RemoteTestNG.java:204)
	at org.testng.remote.RemoteTestNG.main(RemoteTestNG.java:175)
]]>
            </full-stacktrace>
          </exception> <!-- java.lang.AssertionError -->
          <reporter-output>
          </reporter-output>
        </test-method> <!-- Logout -->
        <test-method status="PASS" signature="Close()[pri:0, instance:com.ecalix.tests.LoginTest@7ff81b9e]" name="Close" is-config="true" duration-ms="1550" started-at="2013-07-29T19:23:49Z" finished-at="2013-07-29T19:23:51Z">
          <reporter-output>
          </reporter-output>
        </test-method> <!-- Close -->
      </class> <!-- com.ecalix.tests.LoginTest -->
    </test> <!-- Default test -->
  </suite> <!-- Default suite -->
</testng-results>
